<?xml version="1.0" encoding="UTF-8"?>
<coverage generated="1667948314743" clover="3.2.0">
  <project timestamp="1667948314743" name="All files">
    <metrics statements="12" coveredstatements="12" conditionals="0" coveredconditionals="0" methods="6" coveredmethods="6" elements="18" coveredelements="18" complexity="0" loc="12" ncloc="12" packages="3" files="6" classes="6"/>
    <package name="parse-schema">
      <metrics statements="1" coveredstatements="1" conditionals="0" coveredconditionals="0" methods="0" coveredmethods="0"/>
      <file name="ajv.util.test.ts" path="/Users/thomasaribart/Theodo/json-schema-to-ts/src/parse-schema/ajv.util.test.ts">
        <metrics statements="1" coveredstatements="1" conditionals="0" coveredconditionals="0" methods="0" coveredmethods="0"/>
        <line num="3" count="19" type="stmt"/>
      </file>
    </package>
    <package name="utils">
      <metrics statements="1" coveredstatements="1" conditionals="0" coveredconditionals="0" methods="1" coveredmethods="1"/>
      <file name="asConst.ts" path="/Users/thomasaribart/Theodo/json-schema-to-ts/src/utils/asConst.ts">
        <metrics statements="1" coveredstatements="1" conditionals="0" coveredconditionals="0" methods="1" coveredmethods="1"/>
        <line num="16" count="3" type="stmt"/>
      </file>
    </package>
    <package name="utils.type-guards">
      <metrics statements="10" coveredstatements="10" conditionals="0" coveredconditionals="0" methods="5" coveredmethods="5"/>
      <file name="ajv.util.test.ts" path="/Users/thomasaribart/Theodo/json-schema-to-ts/src/utils/type-guards/ajv.util.test.ts">
        <metrics statements="1" coveredstatements="1" conditionals="0" coveredconditionals="0" methods="0" coveredmethods="0"/>
        <line num="3" count="2" type="stmt"/>
      </file>
      <file name="compiler.ts" path="/Users/thomasaribart/Theodo/json-schema-to-ts/src/utils/type-guards/compiler.ts">
        <metrics statements="5" coveredstatements="5" conditionals="0" coveredconditionals="0" methods="3" coveredmethods="3"/>
        <line num="49" count="1" type="stmt"/>
        <line num="56" count="2" type="stmt"/>
        <line num="60" count="2" type="stmt"/>
        <line num="62" count="2" type="stmt"/>
        <line num="63" count="6" type="stmt"/>
      </file>
      <file name="schema.util.test.ts" path="/Users/thomasaribart/Theodo/json-schema-to-ts/src/utils/type-guards/schema.util.test.ts">
        <metrics statements="1" coveredstatements="1" conditionals="0" coveredconditionals="0" methods="0" coveredmethods="0"/>
        <line num="3" count="2" type="stmt"/>
      </file>
      <file name="validator.ts" path="/Users/thomasaribart/Theodo/json-schema-to-ts/src/utils/type-guards/validator.ts">
        <metrics statements="3" coveredstatements="3" conditionals="0" coveredconditionals="0" methods="2" coveredmethods="2"/>
        <line num="50" count="1" type="stmt"/>
        <line num="56" count="2" type="stmt"/>
        <line num="61" count="6" type="stmt"/>
      </file>
    </package>
  </project>
</coverage>
