{"/Users/thomasaribart/Theodo/json-schema-to-ts/src/parse-schema/ajv.util.test.ts": {"path":"/Users/thomasaribart/Theodo/json-schema-to-ts/src/parse-schema/ajv.util.test.ts","statementMap":{"0":{"start":{"line":3,"column":19},"end":{"line":3,"column":45}}},"fnMap":{},"branchMap":{},"s":{"0":19},"f":{},"b":{},"_coverageSchema":"1a1c01bbd47fc00a2c39e90264f33305004495a9","hash":"6642d21f94591c3e969755fbf594077185077bc2"}
,"/Users/thomasaribart/Theodo/json-schema-to-ts/src/utils/asConst.ts": {"path":"/Users/thomasaribart/Theodo/json-schema-to-ts/src/utils/asConst.ts","statementMap":{"0":{"start":{"line":16,"column":23},"end":{"line":16,"column":70}},"1":{"start":{"line":16,"column":62},"end":{"line":16,"column":70}}},"fnMap":{"0":{"name":"(anonymous_0)","decl":{"start":{"line":16,"column":23},"end":{"line":16,"column":24}},"loc":{"start":{"line":16,"column":62},"end":{"line":16,"column":70}},"line":16}},"branchMap":{},"s":{"0":1,"1":3},"f":{"0":3},"b":{},"_coverageSchema":"1a1c01bbd47fc00a2c39e90264f33305004495a9","hash":"eb8c42db68ededad94b8c6ca8138264a53c076b3"}
,"/Users/thomasaribart/Theodo/json-schema-to-ts/src/utils/type-guards/ajv.util.test.ts": {"path":"/Users/thomasaribart/Theodo/json-schema-to-ts/src/utils/type-guards/ajv.util.test.ts","statementMap":{"0":{"start":{"line":3,"column":19},"end":{"line":3,"column":28}}},"fnMap":{},"branchMap":{},"s":{"0":2},"f":{},"b":{},"_coverageSchema":"1a1c01bbd47fc00a2c39e90264f33305004495a9","hash":"324f0873adebb87c6cf31d305395f9ca9b3b52c3"}
,"/Users/thomasaribart/Theodo/json-schema-to-ts/src/utils/type-guards/compiler.ts": {"path":"/Users/thomasaribart/Theodo/json-schema-to-ts/src/utils/type-guards/compiler.ts","statementMap":{"0":{"start":{"line":49,"column":2},"end":{"line":64,"column":3}},"1":{"start":{"line":56,"column":2},"end":{"line":64,"column":3}},"2":{"start":{"line":60,"column":22},"end":{"line":60,"column":59}},"3":{"start":{"line":62,"column":4},"end":{"line":63,"column":44}},"4":{"start":{"line":63,"column":6},"end":{"line":63,"column":43}}},"fnMap":{"0":{"name":"(anonymous_0)","decl":{"start":{"line":49,"column":2},"end":{"line":49,"column":3}},"loc":{"start":{"line":56,"column":2},"end":{"line":64,"column":3}},"line":56},"1":{"name":"(anonymous_1)","decl":{"start":{"line":56,"column":2},"end":{"line":56,"column":3}},"loc":{"start":{"line":59,"column":7},"end":{"line":64,"column":3}},"line":59},"2":{"name":"(anonymous_2)","decl":{"start":{"line":62,"column":11},"end":{"line":62,"column":12}},"loc":{"start":{"line":63,"column":6},"end":{"line":63,"column":43}},"line":63}},"branchMap":{},"s":{"0":1,"1":2,"2":2,"3":2,"4":6},"f":{"0":2,"1":2,"2":6},"b":{},"_coverageSchema":"1a1c01bbd47fc00a2c39e90264f33305004495a9","hash":"79e90bd1c7667b35f0fa096654c6bec6ed94ed60"}
,"/Users/thomasaribart/Theodo/json-schema-to-ts/src/utils/type-guards/schema.util.test.ts": {"path":"/Users/thomasaribart/Theodo/json-schema-to-ts/src/utils/type-guards/schema.util.test.ts","statementMap":{"0":{"start":{"line":3,"column":25},"end":{"line":11,"column":10}}},"fnMap":{},"branchMap":{},"s":{"0":2},"f":{},"b":{},"_coverageSchema":"1a1c01bbd47fc00a2c39e90264f33305004495a9","hash":"d941c51c24c6a52e1651db569fe0e0be1f9fb704"}
,"/Users/thomasaribart/Theodo/json-schema-to-ts/src/utils/type-guards/validator.ts": {"path":"/Users/thomasaribart/Theodo/json-schema-to-ts/src/utils/type-guards/validator.ts","statementMap":{"0":{"start":{"line":50,"column":2},"end":{"line":61,"column":49}},"1":{"start":{"line":56,"column":2},"end":{"line":61,"column":49}},"2":{"start":{"line":61,"column":4},"end":{"line":61,"column":49}}},"fnMap":{"0":{"name":"(anonymous_0)","decl":{"start":{"line":50,"column":2},"end":{"line":50,"column":3}},"loc":{"start":{"line":56,"column":2},"end":{"line":61,"column":49}},"line":56},"1":{"name":"(anonymous_1)","decl":{"start":{"line":56,"column":2},"end":{"line":56,"column":3}},"loc":{"start":{"line":61,"column":4},"end":{"line":61,"column":49}},"line":61}},"branchMap":{},"s":{"0":1,"1":2,"2":6},"f":{"0":2,"1":6},"b":{},"_coverageSchema":"1a1c01bbd47fc00a2c39e90264f33305004495a9","hash":"e2a6019d58fa4b9b5ede915d80b0622d1d50706f"}
}
