TN:
SF:src/parse-schema/ajv.util.test.ts
FNF:0
FNH:0
DA:3,19
LF:1
LH:1
BRF:0
BRH:0
end_of_record
TN:
SF:src/utils/asConst.ts
FN:16,(anonymous_0)
FNF:1
FNH:1
FNDA:3,(anonymous_0)
DA:16,3
LF:1
LH:1
BRF:0
BRH:0
end_of_record
TN:
SF:src/utils/type-guards/ajv.util.test.ts
FNF:0
FNH:0
DA:3,2
LF:1
LH:1
BRF:0
BRH:0
end_of_record
TN:
SF:src/utils/type-guards/compiler.ts
FN:49,(anonymous_0)
FN:56,(anonymous_1)
FN:62,(anonymous_2)
FNF:3
FNH:3
FNDA:2,(anonymous_0)
FNDA:2,(anonymous_1)
FNDA:6,(anonymous_2)
DA:49,1
DA:56,2
DA:60,2
DA:62,2
DA:63,6
LF:5
LH:5
BRF:0
BRH:0
end_of_record
TN:
SF:src/utils/type-guards/schema.util.test.ts
FNF:0
FNH:0
DA:3,2
LF:1
LH:1
BRF:0
BRH:0
end_of_record
TN:
SF:src/utils/type-guards/validator.ts
FN:50,(anonymous_0)
FN:56,(anonymous_1)
FNF:2
FNH:2
FNDA:2,(anonymous_0)
FNDA:6,(anonymous_1)
DA:50,1
DA:56,2
DA:61,6
LF:3
LH:3
BRF:0
BRH:0
end_of_record
